<?xml version="1.0" encoding="UTF-8"?>
<!-- Generated by org.testng.reporters.JUnitReportReporter -->
<testsuite hostname="BDC7-L-5PDPMC2" name="GetAPITest" tests="1" failures="0" timestamp="18 Jan 2020 09:30:33 GMT" time="1.802" errors="0">
  <testcase name="getTest" time="1.802" classname="GetAPITest"/>
</testsuite> <!-- GetAPITest -->
